<?xml version="1.0" encoding="UTF-8"?>
<!-- Generated by org.testng.reporters.JUnitXMLReporter -->
<testsuite ignored="0" hostname="DESKTOP-4MBLVHI" failures="0" tests="2" name="Test(failed)(failed)" time="14.863" errors="0" timestamp="2026-05-24T01:10:27 IST">
  <testcase classname="testCases.TC002_LoginTest" name="verify_login" time="4.037"/>
  <testcase classname="testCases.TC001_AccountRegistrationTest" name="verify_account_registration" time="3.354"/>
</testsuite> <!-- Test(failed)(failed) -->
