<?xml version="1.0" encoding="UTF-8"?>
<testng-results ignored="0" total="1" passed="1" failed="0" skipped="0">
  <reporter-output>
  </reporter-output>
  <suite started-at="2026-07-05T15:24:13 IST" name="Suite" finished-at="2026-07-05T15:24:33 IST" duration-ms="19851">
    <groups>
    </groups>
    <test started-at="2026-07-05T15:24:13 IST" name="Test" finished-at="2026-07-05T15:24:33 IST" duration-ms="19851">
      <class name="testCases.TC007_AddToCartTest">
        <test-method is-config="true" signature="setup(java.lang.String,java.lang.String)[pri:0, instance:testCases.TC007_AddToCartTest@1c3146bc]" started-at="2026-07-05T15:24:13 IST" name="setup" finished-at="2026-07-05T15:24:28 IST" duration-ms="14723" status="PASS">
          <params>
            <param index="0">
              <value>
                <![CDATA[Windows]]>
              </value>
            </param>
            <param index="1">
              <value>
                <![CDATA[chrome]]>
              </value>
            </param>
          </params>
          <reporter-output>
          </reporter-output>
        </test-method> <!-- setup -->
        <test-method signature="verify_addToCart()[pri:0, instance:testCases.TC007_AddToCartTest@1c3146bc]" started-at="2026-07-05T15:24:28 IST" name="verify_addToCart" finished-at="2026-07-05T15:24:32 IST" duration-ms="4246" status="PASS">
          <reporter-output>
          </reporter-output>
        </test-method> <!-- verify_addToCart -->
        <test-method is-config="true" signature="tearDown()[pri:0, instance:testCases.TC007_AddToCartTest@1c3146bc]" started-at="2026-07-05T15:24:32 IST" name="tearDown" finished-at="2026-07-05T15:24:33 IST" duration-ms="367" status="PASS">
          <reporter-output>
          </reporter-output>
        </test-method> <!-- tearDown -->
      </class> <!-- testCases.TC007_AddToCartTest -->
    </test> <!-- Test -->
  </suite> <!-- Suite -->
</testng-results>
