<?xml version="1.0" encoding="UTF-8"?>
<testng-results ignored="0" total="1" passed="1" failed="0" skipped="0">
  <reporter-output>
  </reporter-output>
  <suite started-at="2026-07-06T16:55:16 IST" name="Suite" finished-at="2026-07-06T16:55:28 IST" duration-ms="11513">
    <groups>
    </groups>
    <test started-at="2026-07-06T16:55:16 IST" name="Test" finished-at="2026-07-06T16:55:28 IST" duration-ms="11513">
      <class name="testCases.TC008_WishListTest">
        <test-method is-config="true" signature="setup(java.lang.String,java.lang.String)[pri:0, instance:testCases.TC008_WishListTest@696f0212]" started-at="2026-07-06T16:55:17 IST" name="setup" finished-at="2026-07-06T16:55:20 IST" duration-ms="3484" status="PASS">
          <params>
            <param index="0">
              <value>
                <![CDATA[Windows]]>
              </value>
            </param>
            <param index="1">
              <value>
                <![CDATA[chrome]]>
              </value>
            </param>
          </params>
          <reporter-output>
          </reporter-output>
        </test-method> <!-- setup -->
        <test-method signature="verify_whishList()[pri:0, instance:testCases.TC008_WishListTest@696f0212]" started-at="2026-07-06T16:55:20 IST" name="verify_whishList" finished-at="2026-07-06T16:55:27 IST" duration-ms="6927" status="PASS">
          <reporter-output>
          </reporter-output>
        </test-method> <!-- verify_whishList -->
        <test-method is-config="true" signature="tearDown()[pri:0, instance:testCases.TC008_WishListTest@696f0212]" started-at="2026-07-06T16:55:27 IST" name="tearDown" finished-at="2026-07-06T16:55:28 IST" duration-ms="636" status="PASS">
          <reporter-output>
          </reporter-output>
        </test-method> <!-- tearDown -->
      </class> <!-- testCases.TC008_WishListTest -->
    </test> <!-- Test -->
  </suite> <!-- Suite -->
</testng-results>
